2020-07-08 09:08:24.117  INFO 19740 --- [restartedMain] b.c.PropertySourceBootstrapConfiguration : Located property source: CompositePropertySource {name='NACOS', propertySources=[NacosPropertySource {name='auth-service-dev.properties'}, NacosPropertySource {name='auth-service.properties'}]}
2020-07-08 09:08:24.247  INFO 19740 --- [restartedMain] c.m.forpink.auth.ForpinkAuthApplication  : The following profiles are active: dev
2020-07-08 09:08:26.256  WARN 19740 --- [restartedMain] o.s.boot.actuate.endpoint.EndpointId     : Endpoint ID 'nacos-config' contains invalid characters, please migrate to a valid format.
2020-07-08 09:08:26.261  WARN 19740 --- [restartedMain] o.s.boot.actuate.endpoint.EndpointId     : Endpoint ID 'nacos-discovery' contains invalid characters, please migrate to a valid format.
2020-07-08 09:08:26.895  INFO 19740 --- [restartedMain] .s.d.r.c.RepositoryConfigurationDelegate : Multiple Spring Data modules found, entering strict repository configuration mode!
2020-07-08 09:08:26.898  INFO 19740 --- [restartedMain] .s.d.r.c.RepositoryConfigurationDelegate : Bootstrapping Spring Data repositories in DEFAULT mode.
2020-07-08 09:08:27.170  INFO 19740 --- [restartedMain] .s.d.r.c.RepositoryConfigurationDelegate : Finished Spring Data repository scanning in 262ms. Found 5 repository interfaces.
2020-07-08 09:08:27.191  INFO 19740 --- [restartedMain] .s.d.r.c.RepositoryConfigurationDelegate : Multiple Spring Data modules found, entering strict repository configuration mode!
2020-07-08 09:08:27.192  INFO 19740 --- [restartedMain] .s.d.r.c.RepositoryConfigurationDelegate : Bootstrapping Spring Data repositories in DEFAULT mode.
2020-07-08 09:08:27.214  INFO 19740 --- [restartedMain] .RepositoryConfigurationExtensionSupport : Spring Data Redis - Could not safely identify store assignment for repository candidate interface com.mnuo.forpink.framework.respository.PermissionInfoRespository.
2020-07-08 09:08:27.215  INFO 19740 --- [restartedMain] .RepositoryConfigurationExtensionSupport : Spring Data Redis - Could not safely identify store assignment for repository candidate interface com.mnuo.forpink.framework.respository.RoleInfoRespository.
2020-07-08 09:08:27.216  INFO 19740 --- [restartedMain] .RepositoryConfigurationExtensionSupport : Spring Data Redis - Could not safely identify store assignment for repository candidate interface com.mnuo.forpink.framework.respository.RolePermissionRespository.
2020-07-08 09:08:27.216  INFO 19740 --- [restartedMain] .RepositoryConfigurationExtensionSupport : Spring Data Redis - Could not safely identify store assignment for repository candidate interface com.mnuo.forpink.framework.respository.UserRoleRespository.
2020-07-08 09:08:27.217  INFO 19740 --- [restartedMain] .RepositoryConfigurationExtensionSupport : Spring Data Redis - Could not safely identify store assignment for repository candidate interface com.mnuo.forpink.framework.respository.UsersRespository.
2020-07-08 09:08:27.220  INFO 19740 --- [restartedMain] .s.d.r.c.RepositoryConfigurationDelegate : Finished Spring Data repository scanning in 16ms. Found 0 repository interfaces.
2020-07-08 09:08:27.442  WARN 19740 --- [restartedMain] o.s.boot.actuate.endpoint.EndpointId     : Endpoint ID 'service-registry' contains invalid characters, please migrate to a valid format.
2020-07-08 09:08:27.872  INFO 19740 --- [restartedMain] o.s.cloud.context.scope.GenericScope     : BeanFactory id=7c6be85c-52da-3a18-b61f-e87781f24a05
2020-07-08 09:08:28.096  INFO 19740 --- [restartedMain] trationDelegate$BeanPostProcessorChecker : Bean 'org.springframework.transaction.annotation.ProxyTransactionManagementConfiguration' of type [org.springframework.transaction.annotation.ProxyTransactionManagementConfiguration$$EnhancerBySpringCGLIB$$e5795cc9] is not eligible for getting processed by all BeanPostProcessors (for example: not eligible for auto-proxying)
2020-07-08 09:08:28.353  INFO 19740 --- [restartedMain] trationDelegate$BeanPostProcessorChecker : Bean 'spring.cloud.sentinel-com.alibaba.cloud.sentinel.SentinelProperties' of type [com.alibaba.cloud.sentinel.SentinelProperties] is not eligible for getting processed by all BeanPostProcessors (for example: not eligible for auto-proxying)
2020-07-08 09:08:28.501  INFO 19740 --- [restartedMain] trationDelegate$BeanPostProcessorChecker : Bean 'com.alibaba.cloud.sentinel.custom.SentinelAutoConfiguration' of type [com.alibaba.cloud.sentinel.custom.SentinelAutoConfiguration$$EnhancerBySpringCGLIB$$920caa6] is not eligible for getting processed by all BeanPostProcessors (for example: not eligible for auto-proxying)
2020-07-08 09:08:28.555  INFO 19740 --- [restartedMain] trationDelegate$BeanPostProcessorChecker : Bean 'org.springframework.cloud.autoconfigure.ConfigurationPropertiesRebinderAutoConfiguration' of type [org.springframework.cloud.autoconfigure.ConfigurationPropertiesRebinderAutoConfiguration$$EnhancerBySpringCGLIB$$1935fc6] is not eligible for getting processed by all BeanPostProcessors (for example: not eligible for auto-proxying)
2020-07-08 09:08:29.598  INFO 19740 --- [restartedMain] o.s.b.w.embedded.tomcat.TomcatWebServer  : Tomcat initialized with port(s): 8080 (http)
2020-07-08 09:08:29.641  INFO 19740 --- [restartedMain] o.apache.catalina.core.StandardService   : Starting service [Tomcat]
2020-07-08 09:08:29.641  INFO 19740 --- [restartedMain] org.apache.catalina.core.StandardEngine  : Starting Servlet engine: [Apache Tomcat/9.0.22]
2020-07-08 09:08:29.866  INFO 19740 --- [restartedMain] o.a.c.c.C.[Tomcat].[localhost].[/]       : Initializing Spring embedded WebApplicationContext
2020-07-08 09:08:29.866  INFO 19740 --- [restartedMain] o.s.web.context.ContextLoader            : Root WebApplicationContext: initialization completed in 5595 ms
2020-07-08 09:08:29.897  INFO 19740 --- [restartedMain] c.a.c.s.SentinelWebAutoConfiguration     : [Sentinel Starter] register Sentinel CommonFilter with urlPatterns: [/*].
2020-07-08 09:08:30.552  INFO 19740 --- [restartedMain] c.a.d.s.b.a.DruidDataSourceAutoConfigure : Init DruidDataSource
2020-07-08 09:08:30.864  INFO 19740 --- [restartedMain] com.alibaba.druid.pool.DruidDataSource   : {dataSource-1} inited
2020-07-08 09:08:31.717  INFO 19740 --- [restartedMain] com.alibaba.nacos.client.naming          : initializer namespace from System Property :null
2020-07-08 09:08:31.718  INFO 19740 --- [restartedMain] com.alibaba.nacos.client.naming          : initializer namespace from System Environment :null
2020-07-08 09:08:31.719  INFO 19740 --- [restartedMain] com.alibaba.nacos.client.naming          : initializer namespace from System Property :null
2020-07-08 09:08:32.631  INFO 19740 --- [restartedMain] o.hibernate.jpa.internal.util.LogHelper  : HHH000204: Processing PersistenceUnitInfo [
	name: default
	...]
2020-07-08 09:08:32.753  INFO 19740 --- [restartedMain] org.hibernate.Version                    : HHH000412: Hibernate Core {5.3.10.Final}
2020-07-08 09:08:32.755  INFO 19740 --- [restartedMain] org.hibernate.cfg.Environment            : HHH000206: hibernate.properties not found
2020-07-08 09:08:33.040  INFO 19740 --- [restartedMain] o.hibernate.annotations.common.Version   : HCANN000001: Hibernate Commons Annotations {5.0.4.Final}
2020-07-08 09:08:33.292  INFO 19740 --- [restartedMain] org.hibernate.dialect.Dialect            : HHH000400: Using dialect: org.hibernate.dialect.MySQL5Dialect
2020-07-08 09:08:34.396  INFO 19740 --- [restartedMain] o.h.h.i.QueryTranslatorFactoryInitiator  : HHH000397: Using ASTQueryTranslatorFactory
2020-07-08 09:08:34.521  INFO 19740 --- [restartedMain] j.LocalContainerEntityManagerFactoryBean : Initialized JPA EntityManagerFactory for persistence unit 'default'
2020-07-08 09:08:34.580  INFO 19740 --- [restartedMain] o.s.b.d.a.OptionalLiveReloadServer       : LiveReload server is running on port 35729
2020-07-08 09:08:35.362  WARN 19740 --- [restartedMain] aWebConfiguration$JpaWebMvcConfiguration : spring.jpa.open-in-view is enabled by default. Therefore, database queries may be performed during view rendering. Explicitly configure spring.jpa.open-in-view to disable this warning
2020-07-08 09:08:36.044  INFO 19740 --- [restartedMain] o.s.b.a.e.web.EndpointLinksResolver      : Exposing 2 endpoint(s) beneath base path '/actuator'
2020-07-08 09:08:37.015  INFO 19740 --- [restartedMain] o.s.s.web.DefaultSecurityFilterChain     : Creating filter chain: OrRequestMatcher [requestMatchers=[Ant [pattern='/oauth/token'], Ant [pattern='/oauth/token_key'], Ant [pattern='/oauth/check_token']]], [org.springframework.security.web.context.request.async.WebAsyncManagerIntegrationFilter@7d4bbf17, org.springframework.security.web.context.SecurityContextPersistenceFilter@58bc6da6, org.springframework.security.web.header.HeaderWriterFilter@49b977c4, org.springframework.security.web.authentication.logout.LogoutFilter@60fe2fd0, org.springframework.security.oauth2.provider.client.ClientCredentialsTokenEndpointFilter@2a191fcf, org.springframework.security.web.authentication.www.BasicAuthenticationFilter@37c9c059, org.springframework.security.web.savedrequest.RequestCacheAwareFilter@7dd68026, org.springframework.security.web.servletapi.SecurityContextHolderAwareRequestFilter@5dc145b0, org.springframework.security.web.authentication.AnonymousAuthenticationFilter@7b3bdaa6, org.springframework.security.web.session.SessionManagementFilter@3f5b0ddd, org.springframework.security.web.access.ExceptionTranslationFilter@2cf25f8c, org.springframework.security.web.access.intercept.FilterSecurityInterceptor@7f97430b]
2020-07-08 09:08:37.019  INFO 19740 --- [restartedMain] o.s.s.web.DefaultSecurityFilterChain     : Creating filter chain: OrRequestMatcher [requestMatchers=[Ant [pattern='/oauth/**']]], [org.springframework.security.web.context.request.async.WebAsyncManagerIntegrationFilter@5ef837f9, org.springframework.security.web.context.SecurityContextPersistenceFilter@171c75a5, org.springframework.security.web.header.HeaderWriterFilter@56e43d1b, org.springframework.security.web.authentication.logout.LogoutFilter@59354aa7, org.springframework.security.web.savedrequest.RequestCacheAwareFilter@3479bd3e, org.springframework.security.web.servletapi.SecurityContextHolderAwareRequestFilter@4302424f, org.springframework.security.web.authentication.AnonymousAuthenticationFilter@41535d47, org.springframework.security.web.session.SessionManagementFilter@1e8095b5, org.springframework.security.web.access.ExceptionTranslationFilter@2ea1bce4, org.springframework.security.web.access.intercept.FilterSecurityInterceptor@76cb572c]
2020-07-08 09:08:37.047  INFO 19740 --- [restartedMain] pertySourcedRequestMappingHandlerMapping : Mapped URL path [/v2/api-docs] onto method [public org.springframework.http.ResponseEntity<springfox.documentation.spring.web.json.Json> springfox.documentation.swagger2.web.Swagger2Controller.getDocumentation(java.lang.String,javax.servlet.http.HttpServletRequest)]
2020-07-08 09:08:37.097  WARN 19740 --- [restartedMain] c.n.c.sources.URLConfigurationSource     : No URLs will be polled as dynamic configuration sources.
2020-07-08 09:08:37.097  INFO 19740 --- [restartedMain] c.n.c.sources.URLConfigurationSource     : To enable URLs as dynamic configuration sources, define System property archaius.configurationSource.additionalUrls or make config.properties available on classpath.
2020-07-08 09:08:37.106  WARN 19740 --- [restartedMain] c.n.c.sources.URLConfigurationSource     : No URLs will be polled as dynamic configuration sources.
2020-07-08 09:08:37.106  INFO 19740 --- [restartedMain] c.n.c.sources.URLConfigurationSource     : To enable URLs as dynamic configuration sources, define System property archaius.configurationSource.additionalUrls or make config.properties available on classpath.
2020-07-08 09:08:37.360  INFO 19740 --- [restartedMain] o.s.s.concurrent.ThreadPoolTaskExecutor  : Initializing ExecutorService 'applicationTaskExecutor'
2020-07-08 09:08:37.541  INFO 19740 --- [restartedMain] o.s.s.c.ThreadPoolTaskScheduler          : Initializing ExecutorService
2020-07-08 09:08:38.626  INFO 19740 --- [restartedMain] d.s.w.p.DocumentationPluginsBootstrapper : Context refreshed
2020-07-08 09:08:38.720  INFO 19740 --- [restartedMain] d.s.w.p.DocumentationPluginsBootstrapper : Found 1 custom documentation plugin(s)
2020-07-08 09:08:38.782  INFO 19740 --- [restartedMain] s.d.s.w.s.ApiListingReferenceScanner     : Scanning for api listing references
2020-07-08 09:08:38.901  INFO 19740 --- [restartedMain] o.s.b.w.embedded.tomcat.TomcatWebServer  : Tomcat started on port(s): 8080 (http) with context path ''
2020-07-08 09:08:38.910  INFO 19740 --- [restartedMain] com.alibaba.nacos.client.naming          : [BEAT] adding beat: {"cluster":"DEFAULT","ip":"10.0.64.5","metadata":{"preserved.register.source":"SPRING_CLOUD"},"period":5000,"port":8080,"scheduled":false,"serviceName":"DEFAULT_GROUP@@auth-service","stopped":false,"weight":1.0} to beat map.
2020-07-08 09:08:39.031  INFO 19740 --- [restartedMain] com.alibaba.nacos.client.naming          : [REGISTER-SERVICE] public registering service DEFAULT_GROUP@@auth-service with instance: {"clusterName":"DEFAULT","enabled":true,"ephemeral":true,"healthy":true,"instanceHeartBeatInterval":5000,"instanceHeartBeatTimeOut":15000,"ip":"10.0.64.5","ipDeleteTimeout":30000,"metadata":{"preserved.register.source":"SPRING_CLOUD"},"port":8080,"weight":1.0}
2020-07-08 09:08:39.247  INFO 19740 --- [restartedMain] c.a.c.n.registry.NacosServiceRegistry    : nacos registry, auth-service 10.0.64.5:8080 register finished
2020-07-08 09:08:39.252  INFO 19740 --- [restartedMain] c.m.forpink.auth.ForpinkAuthApplication  : Started ForpinkAuthApplication in 17.779 seconds (JVM running for 18.995)
2020-07-08 09:08:39.274  INFO 19740 --- [restartedMain] c.a.n.client.config.impl.ClientWorker    : [fixed-10.0.64.5_8848] [subscribe] auth-service-dev.properties+DEFAULT_GROUP
2020-07-08 09:08:39.275  INFO 19740 --- [restartedMain] c.a.nacos.client.config.impl.CacheData   : [fixed-10.0.64.5_8848] [add-listener] ok, tenant=, dataId=auth-service-dev.properties, group=DEFAULT_GROUP, cnt=1
2020-07-08 09:08:39.275  INFO 19740 --- [restartedMain] c.a.n.client.config.impl.ClientWorker    : [fixed-10.0.64.5_8848] [subscribe] auth-service.properties+DEFAULT_GROUP
2020-07-08 09:08:39.275  INFO 19740 --- [restartedMain] c.a.nacos.client.config.impl.CacheData   : [fixed-10.0.64.5_8848] [add-listener] ok, tenant=, dataId=auth-service.properties, group=DEFAULT_GROUP, cnt=1
2020-07-08 09:08:44.018  INFO 19740 --- [http-nio-8080-exec-1] o.a.c.c.C.[Tomcat].[localhost].[/]       : Initializing Spring DispatcherServlet 'dispatcherServlet'
2020-07-08 09:08:44.018  INFO 19740 --- [http-nio-8080-exec-1] o.s.web.servlet.DispatcherServlet        : Initializing Servlet 'dispatcherServlet'
2020-07-08 09:08:44.044  INFO 19740 --- [http-nio-8080-exec-1] o.s.web.servlet.DispatcherServlet        : Completed initialization in 24 ms
2020-07-08 09:09:51.920  INFO 19740 --- [Thread-13] c.a.c.n.registry.NacosServiceRegistry    : De-registering from Nacos Server now...
2020-07-08 09:09:51.920  INFO 19740 --- [Thread-13] com.alibaba.nacos.client.naming          : [BEAT] removing beat: DEFAULT_GROUP@@auth-service:10.0.64.5:8080 from beat map.
2020-07-08 09:09:51.920  INFO 19740 --- [Thread-13] com.alibaba.nacos.client.naming          : [DEREGISTER-SERVICE] public deregistering service DEFAULT_GROUP@@auth-service with instance: {"clusterName":"DEFAULT","enabled":true,"ephemeral":true,"healthy":true,"instanceHeartBeatInterval":5000,"instanceHeartBeatTimeOut":15000,"ip":"10.0.64.5","ipDeleteTimeout":30000,"metadata":{},"port":8080,"weight":1.0}
2020-07-08 09:09:52.125  INFO 19740 --- [Thread-13] c.a.c.n.registry.NacosServiceRegistry    : De-registration finished.
2020-07-08 09:09:52.128  INFO 19740 --- [Thread-13] o.s.s.concurrent.ThreadPoolTaskExecutor  : Shutting down ExecutorService 'applicationTaskExecutor'
2020-07-08 09:09:52.134  INFO 19740 --- [Thread-13] j.LocalContainerEntityManagerFactoryBean : Closing JPA EntityManagerFactory for persistence unit 'default'
2020-07-08 09:09:52.211  INFO 19740 --- [Thread-13] com.alibaba.druid.pool.DruidDataSource   : {dataSource-1} closed
